<?xml version="1.0" encoding="UTF-8"?>
<testsuite xmlns:xsi="http://www.w3.org/2001/XMLSchema-instance" xsi:noNamespaceSchemaLocation="https://maven.apache.org/surefire/maven-surefire-plugin/xsd/surefire-test-report-3.0.xsd" version="3.0" name="TicketServiceTests" time="1.097" tests="6" errors="0" skipped="0" failures="0">
  <properties>
    <property name="java.specification.version" value="21"/>
    <property name="sun.cpu.isalist" value="amd64"/>
    <property name="sun.jnu.encoding" value="Cp1252"/>
    <property name="java.class.path" value="C:\Users\Atif\Desktop\cinema-tickets-java\target\test-classes;C:\Users\Atif\Desktop\cinema-tickets-java\target\classes;C:\Users\Atif\.m2\repository\org\junit\jupiter\junit-jupiter\5.12.0\junit-jupiter-5.12.0.jar;C:\Users\Atif\.m2\repository\org\junit\jupiter\junit-jupiter-api\5.12.0\junit-jupiter-api-5.12.0.jar;C:\Users\Atif\.m2\repository\org\opentest4j\opentest4j\1.3.0\opentest4j-1.3.0.jar;C:\Users\Atif\.m2\repository\org\junit\platform\junit-platform-commons\1.12.0\junit-platform-commons-1.12.0.jar;C:\Users\Atif\.m2\repository\org\apiguardian\apiguardian-api\1.1.2\apiguardian-api-1.1.2.jar;C:\Users\Atif\.m2\repository\org\junit\jupiter\junit-jupiter-params\5.12.0\junit-jupiter-params-5.12.0.jar;C:\Users\Atif\.m2\repository\org\junit\jupiter\junit-jupiter-engine\5.12.0\junit-jupiter-engine-5.12.0.jar;C:\Users\Atif\.m2\repository\org\junit\platform\junit-platform-engine\1.12.0\junit-platform-engine-1.12.0.jar;C:\Users\Atif\.m2\repository\org\mockito\mockito-core\5.14.2\mockito-core-5.14.2.jar;C:\Users\Atif\.m2\repository\net\bytebuddy\byte-buddy\1.15.4\byte-buddy-1.15.4.jar;C:\Users\Atif\.m2\repository\net\bytebuddy\byte-buddy-agent\1.15.4\byte-buddy-agent-1.15.4.jar;C:\Users\Atif\.m2\repository\org\objenesis\objenesis\3.3\objenesis-3.3.jar;"/>
    <property name="java.vm.vendor" value="Eclipse Adoptium"/>
    <property name="sun.arch.data.model" value="64"/>
    <property name="user.variant" value=""/>
    <property name="java.vendor.url" value="https://adoptium.net/"/>
    <property name="user.timezone" value="Europe/London"/>
    <property name="os.name" value="Windows 11"/>
    <property name="java.vm.specification.version" value="21"/>
    <property name="sun.java.launcher" value="SUN_STANDARD"/>
    <property name="user.country" value="GB"/>
    <property name="sun.boot.library.path" value="C:\Program Files\Eclipse Adoptium\jdk-21.0.6.7-hotspot\bin"/>
    <property name="sun.java.command" value="C:\Users\Atif\AppData\Local\Temp\surefire83000729419715902\surefirebooter-20250329180608428_3.jar C:\Users\Atif\AppData\Local\Temp\surefire83000729419715902 2025-03-29T18-06-08_307-jvmRun1 surefire-20250329180608428_1tmp surefire_0-20250329180608428_2tmp"/>
    <property name="jdk.debug" value="release"/>
    <property name="surefire.test.class.path" value="C:\Users\Atif\Desktop\cinema-tickets-java\target\test-classes;C:\Users\Atif\Desktop\cinema-tickets-java\target\classes;C:\Users\Atif\.m2\repository\org\junit\jupiter\junit-jupiter\5.12.0\junit-jupiter-5.12.0.jar;C:\Users\Atif\.m2\repository\org\junit\jupiter\junit-jupiter-api\5.12.0\junit-jupiter-api-5.12.0.jar;C:\Users\Atif\.m2\repository\org\opentest4j\opentest4j\1.3.0\opentest4j-1.3.0.jar;C:\Users\Atif\.m2\repository\org\junit\platform\junit-platform-commons\1.12.0\junit-platform-commons-1.12.0.jar;C:\Users\Atif\.m2\repository\org\apiguardian\apiguardian-api\1.1.2\apiguardian-api-1.1.2.jar;C:\Users\Atif\.m2\repository\org\junit\jupiter\junit-jupiter-params\5.12.0\junit-jupiter-params-5.12.0.jar;C:\Users\Atif\.m2\repository\org\junit\jupiter\junit-jupiter-engine\5.12.0\junit-jupiter-engine-5.12.0.jar;C:\Users\Atif\.m2\repository\org\junit\platform\junit-platform-engine\1.12.0\junit-platform-engine-1.12.0.jar;C:\Users\Atif\.m2\repository\org\mockito\mockito-core\5.14.2\mockito-core-5.14.2.jar;C:\Users\Atif\.m2\repository\net\bytebuddy\byte-buddy\1.15.4\byte-buddy-1.15.4.jar;C:\Users\Atif\.m2\repository\net\bytebuddy\byte-buddy-agent\1.15.4\byte-buddy-agent-1.15.4.jar;C:\Users\Atif\.m2\repository\org\objenesis\objenesis\3.3\objenesis-3.3.jar;"/>
    <property name="sun.cpu.endian" value="little"/>
    <property name="user.home" value="C:\Users\Atif"/>
    <property name="user.language" value="en"/>
    <property name="java.specification.vendor" value="Oracle Corporation"/>
    <property name="java.version.date" value="2025-01-21"/>
    <property name="java.home" value="C:\Program Files\Eclipse Adoptium\jdk-21.0.6.7-hotspot"/>
    <property name="file.separator" value="\"/>
    <property name="basedir" value="C:\Users\Atif\Desktop\cinema-tickets-java"/>
    <property name="java.vm.compressedOopsMode" value="Zero based"/>
    <property name="line.separator" value="&#10;"/>
    <property name="java.vm.specification.vendor" value="Oracle Corporation"/>
    <property name="java.specification.name" value="Java Platform API Specification"/>
    <property name="surefire.real.class.path" value="C:\Users\Atif\AppData\Local\Temp\surefire83000729419715902\surefirebooter-20250329180608428_3.jar"/>
    <property name="user.script" value=""/>
    <property name="sun.management.compiler" value="HotSpot 64-Bit Tiered Compilers"/>
    <property name="java.runtime.version" value="21.0.6+7-LTS"/>
    <property name="user.name" value="Atif"/>
    <property name="stdout.encoding" value="Cp1252"/>
    <property name="path.separator" value=";"/>
    <property name="os.version" value="10.0"/>
    <property name="java.runtime.name" value="OpenJDK Runtime Environment"/>
    <property name="file.encoding" value="UTF-8"/>
    <property name="java.vm.name" value="OpenJDK 64-Bit Server VM"/>
    <property name="java.vendor.version" value="Temurin-21.0.6+7"/>
    <property name="localRepository" value="C:\Users\Atif\.m2\repository"/>
    <property name="java.vendor.url.bug" value="https://github.com/adoptium/adoptium-support/issues"/>
    <property name="java.io.tmpdir" value="C:\Users\Atif\AppData\Local\Temp\"/>
    <property name="java.version" value="21.0.6"/>
    <property name="user.dir" value="C:\Users\Atif\Desktop\cinema-tickets-java"/>
    <property name="os.arch" value="amd64"/>
    <property name="java.vm.specification.name" value="Java Virtual Machine Specification"/>
    <property name="sun.os.patch.level" value=""/>
    <property name="native.encoding" value="Cp1252"/>
    <property name="java.library.path" value="C:\Program Files\Eclipse Adoptium\jdk-21.0.6.7-hotspot\bin;C:\WINDOWS\Sun\Java\bin;C:\WINDOWS\system32;C:\WINDOWS;C:\Program Files\Eclipse Adoptium\jdk-21.0.6.7-hotspot\bin;C:\Program Files (x86)\Razer Chroma SDK\bin;C:\Program Files\Razer Chroma SDK\bin;C:\Program Files\ImageMagick-7.1.1-Q16-HDRI;C:\Program Files (x86)\Razer\ChromaBroadcast\bin;C:\Program Files\Razer\ChromaBroadcast\bin;C:\Program Files\Common Files\Oracle\Java\javapath;C:\Python38\Scripts\;C:\Python38\;C:\Program Files (x86)\Common Files\Oracle\Java\javapath;C:\Windows\system32;C:\Windows;C:\Windows\System32\Wbem;C:\Windows\System32\WindowsPowerShell\v1.0\;C:\Windows\System32\OpenSSH\;C:\ProgramData\chocolatey\bin;C:\Program Files\ffmpeg\;C:\WINDOWS\system32;C:\WINDOWS;C:\WINDOWS\System32\Wbem;C:\WINDOWS\System32\WindowsPowerShell\v1.0\;C:\WINDOWS\System32\OpenSSH\;C:\Program Files\nodejs\;C:\Program Files\MongoDB\Server\4.4\bin;C:\xampp\php;C:\ProgramData\ComposerSetup\bin;C:\;C:\Program Files\Git\cmd;C:\WINDOWS\system32\config\systemprofile\AppData\Local\Microsoft\WindowsApps;C:\Program Files\dotnet\;C:\WINDOWS\system32;C:\WINDOWS;C:\WINDOWS\System32\Wbem;C:\WINDOWS\System32\WindowsPowerShell\v1.0\;C:\WINDOWS\System32\OpenSSH\;C:\Program Files\BeefLang\bin;C:\Program Files\NVIDIA Corporation\NVIDIA App\NvDLISR;C:\Program Files (x86)\NVIDIA Corporation\PhysX\Common;C:\Program Files\Apache\Maven\bin;C:\Users\Atif\AppData\Local\Microsoft\WindowsApps;C:\Users\Atif\AppData\Local\Programs\Microsoft VS Code\bin;C:\Users\Atif\AppData\Local\GitHubDesktop\bin;C:\Users\Atif\AppData\Roaming\npm;C:\Users\Atif\AppData\Roaming\Composer\vendor\bin;;c:\Users\Atif\AppData\Roaming\Code\User\globalStorage\github.copilot-chat\debugCommand;."/>
    <property name="java.vm.info" value="mixed mode, sharing"/>
    <property name="stderr.encoding" value="Cp1252"/>
    <property name="java.vendor" value="Eclipse Adoptium"/>
    <property name="java.vm.version" value="21.0.6+7-LTS"/>
    <property name="sun.io.unicode.encoding" value="UnicodeLittle"/>
    <property name="java.class.version" value="65.0"/>
  </properties>
  <testcase name="shouldThrowExceptionForNoTicketsRequested" classname="TicketServiceTests" time="1.03">
    <system-err><![CDATA[Mockito is currently self-attaching to enable the inline-mock-maker. This will no longer work in future releases of the JDK. Please add Mockito as an agent to your build what is described in Mockito's documentation: https://javadoc.io/doc/org.mockito/mockito-core/latest/org/mockito/Mockito.html#0.3
WARNING: A Java agent has been loaded dynamically (C:\Users\Atif\.m2\repository\net\bytebuddy\byte-buddy-agent\1.15.4\byte-buddy-agent-1.15.4.jar)
WARNING: If a serviceability tool is in use, please run with -XX:+EnableDynamicAgentLoading to hide this warning
WARNING: If a serviceability tool is not in use, please run with -Djdk.instrument.traceUsage for more information
WARNING: Dynamic loading of agents will be disallowed by default in a future release
]]></system-err>
  </testcase>
  <testcase name="shouldThrowExceptionForTooManyTickets" classname="TicketServiceTests" time="0.006"/>
  <testcase name="shouldThrowExceptionForInfantTicketsWithoutAdult" classname="TicketServiceTests" time="0.003"/>
  <testcase name="shouldReserveCorrectNumberOfSeatsForAdultAndChild" classname="TicketServiceTests" time="0.025"/>
  <testcase name="shouldCalculateTotalPaymentCorrectly" classname="TicketServiceTests" time="0.002"/>
  <testcase name="shouldThrowExceptionForInvalidAccountId" classname="TicketServiceTests" time="0.002"/>
</testsuite>